C:\USERS\PATRICK\DOCUMENTS\VISUAL STUDIO 2012\PROJECTS\ENCYRPTION PROJECT\ENCYRPTION PROJECT\DEBUG\ENCYRPTION PROJECT.PCH
C:\USERS\PATRICK\DOCUMENTS\VISUAL STUDIO 2012\PROJECTS\ENCYRPTION PROJECT\ENCYRPTION PROJECT\DEBUG\STDAFX.OBJ
C:\USERS\PATRICK\DOCUMENTS\VISUAL STUDIO 2012\PROJECTS\ENCYRPTION PROJECT\ENCYRPTION PROJECT\DEBUG\VC110.PDB
C:\USERS\PATRICK\DOCUMENTS\VISUAL STUDIO 2012\PROJECTS\ENCYRPTION PROJECT\ENCYRPTION PROJECT\DEBUG\ENCYRPTION PROJECT.OBJ
C:\USERS\PATRICK\DOCUMENTS\VISUAL STUDIO 2012\PROJECTS\ENCYRPTION PROJECT\DEBUG\ENCYRPTION PROJECT.ILK
C:\USERS\PATRICK\DOCUMENTS\VISUAL STUDIO 2012\PROJECTS\ENCYRPTION PROJECT\DEBUG\ENCYRPTION PROJECT.EXE
C:\USERS\PATRICK\DOCUMENTS\VISUAL STUDIO 2012\PROJECTS\ENCYRPTION PROJECT\DEBUG\ENCYRPTION PROJECT.PDB
C:\Users\Patrick\Documents\Visual Studio 2012\Projects\Encyrption Project\Encyrption Project\Debug\Encyrption Project.obj
C:\Users\Patrick\Documents\Visual Studio 2012\Projects\Encyrption Project\Encyrption Project\Debug\stdafx.obj
C:\Users\Patrick\Documents\Visual Studio 2012\Projects\Encyrption Project\Encyrption Project\Debug\cl.command.1.tlog
C:\Users\Patrick\Documents\Visual Studio 2012\Projects\Encyrption Project\Encyrption Project\Debug\CL.read.1.tlog
C:\Users\Patrick\Documents\Visual Studio 2012\Projects\Encyrption Project\Encyrption Project\Debug\CL.write.1.tlog
C:\Users\Patrick\Documents\Visual Studio 2012\Projects\Encyrption Project\Encyrption Project\Debug\link-cvtres.read.1.tlog
C:\Users\Patrick\Documents\Visual Studio 2012\Projects\Encyrption Project\Encyrption Project\Debug\link-cvtres.write.1.tlog
C:\Users\Patrick\Documents\Visual Studio 2012\Projects\Encyrption Project\Encyrption Project\Debug\link-rc.read.1.tlog
C:\Users\Patrick\Documents\Visual Studio 2012\Projects\Encyrption Project\Encyrption Project\Debug\link-rc.write.1.tlog
C:\Users\Patrick\Documents\Visual Studio 2012\Projects\Encyrption Project\Encyrption Project\Debug\link.6864-cvtres.read.1.tlog
C:\Users\Patrick\Documents\Visual Studio 2012\Projects\Encyrption Project\Encyrption Project\Debug\link.6864-cvtres.write.1.tlog
C:\Users\Patrick\Documents\Visual Studio 2012\Projects\Encyrption Project\Encyrption Project\Debug\link.6864-rc.read.1.tlog
C:\Users\Patrick\Documents\Visual Studio 2012\Projects\Encyrption Project\Encyrption Project\Debug\link.6864-rc.write.1.tlog
C:\Users\Patrick\Documents\Visual Studio 2012\Projects\Encyrption Project\Encyrption Project\Debug\link.6864.read.1.tlog
C:\Users\Patrick\Documents\Visual Studio 2012\Projects\Encyrption Project\Encyrption Project\Debug\link.6864.write.1.tlog
C:\Users\Patrick\Documents\Visual Studio 2012\Projects\Encyrption Project\Encyrption Project\Debug\link.command.1.tlog
C:\Users\Patrick\Documents\Visual Studio 2012\Projects\Encyrption Project\Encyrption Project\Debug\link.read.1.tlog
C:\Users\Patrick\Documents\Visual Studio 2012\Projects\Encyrption Project\Encyrption Project\Debug\link.write.1.tlog
C:\Users\Patrick\Documents\Visual Studio 2012\Projects\Encyrption Project\Encyrption Project\Debug\Encyrption Project.pch
C:\Users\Patrick\Documents\Visual Studio 2012\Projects\Encyrption Project\Encyrption Project\Debug\vc110.idb
C:\Users\Patrick\Documents\Visual Studio 2012\Projects\Encyrption Project\Encyrption Project\Debug\vc110.pdb
C:\Users\Patrick\Documents\Visual Studio 2012\Projects\Encyrption Project\Debug\Encyrption Project.pdb
C:\Users\Patrick\Documents\Visual Studio 2012\Projects\Encyrption Project\Debug\Encyrption Project.exe
C:\Users\Patrick\Documents\Visual Studio 2012\Projects\Encyrption Project\Debug\Encyrption Project.ilk
