C:\USERS\PATRICK\DOCUMENTS\GITHUB\ENCRYPTION-SENIOR-PROJECT\ENCRYPTION PROJECT\DEBUG\ENCRYPTION PROJECT.PCH
C:\USERS\PATRICK\DOCUMENTS\GITHUB\ENCRYPTION-SENIOR-PROJECT\ENCRYPTION PROJECT\DEBUG\STDAFX.OBJ
C:\USERS\PATRICK\DOCUMENTS\GITHUB\ENCRYPTION-SENIOR-PROJECT\ENCRYPTION PROJECT\DEBUG\VC110.PDB
C:\USERS\PATRICK\DOCUMENTS\GITHUB\ENCRYPTION-SENIOR-PROJECT\ENCRYPTION PROJECT\DEBUG\ENCRYPTION PROJECT.OBJ
C:\USERS\PATRICK\DOCUMENTS\GITHUB\ENCRYPTION-SENIOR-PROJECT\DEBUG\ENCRYPTION PROJECT.ILK
C:\USERS\PATRICK\DOCUMENTS\GITHUB\ENCRYPTION-SENIOR-PROJECT\DEBUG\ENCRYPTION PROJECT.EXE
C:\USERS\PATRICK\DOCUMENTS\GITHUB\ENCRYPTION-SENIOR-PROJECT\DEBUG\ENCRYPTION PROJECT.PDB
C:\Users\Patrick\Documents\GitHub\Encryption-Senior-Project\Encryption Project\Debug\Encryption Project.obj
C:\Users\Patrick\Documents\GitHub\Encryption-Senior-Project\Encryption Project\Debug\stdafx.obj
C:\Users\Patrick\Documents\GitHub\Encryption-Senior-Project\Encryption Project\Debug\cl.command.1.tlog
C:\Users\Patrick\Documents\GitHub\Encryption-Senior-Project\Encryption Project\Debug\CL.read.1.tlog
C:\Users\Patrick\Documents\GitHub\Encryption-Senior-Project\Encryption Project\Debug\CL.write.1.tlog
C:\Users\Patrick\Documents\GitHub\Encryption-Senior-Project\Encryption Project\Debug\link-cvtres.read.1.tlog
C:\Users\Patrick\Documents\GitHub\Encryption-Senior-Project\Encryption Project\Debug\link-cvtres.write.1.tlog
C:\Users\Patrick\Documents\GitHub\Encryption-Senior-Project\Encryption Project\Debug\link-rc.read.1.tlog
C:\Users\Patrick\Documents\GitHub\Encryption-Senior-Project\Encryption Project\Debug\link-rc.write.1.tlog
C:\Users\Patrick\Documents\GitHub\Encryption-Senior-Project\Encryption Project\Debug\link.command.1.tlog
C:\Users\Patrick\Documents\GitHub\Encryption-Senior-Project\Encryption Project\Debug\link.read.1.tlog
C:\Users\Patrick\Documents\GitHub\Encryption-Senior-Project\Encryption Project\Debug\link.write.1.tlog
C:\Users\Patrick\Documents\GitHub\Encryption-Senior-Project\Encryption Project\Debug\Encryption Project.pch
C:\Users\Patrick\Documents\GitHub\Encryption-Senior-Project\Encryption Project\Debug\vc110.idb
C:\Users\Patrick\Documents\GitHub\Encryption-Senior-Project\Encryption Project\Debug\vc110.pdb
C:\Users\Patrick\Documents\GitHub\Encryption-Senior-Project\Debug\Encryption Project.pdb
C:\Users\Patrick\Documents\GitHub\Encryption-Senior-Project\Debug\Encryption Project.exe
C:\Users\Patrick\Documents\GitHub\Encryption-Senior-Project\Debug\Encryption Project.ilk
